#
# There is insufficient memory for the Java Runtime Environment to continue.
# Native memory allocation (mmap) failed to map 65536 bytes for Failed to commit metaspace.
# Possible reasons:
#   The system is out of physical RAM or swap space
#   The process is running with CompressedOops enabled, and the Java Heap may be blocking the growth of the native heap
# Possible solutions:
#   Reduce memory load on the system
#   Increase physical memory or swap space
#   Check if swap backing store is full
#   Decrease Java heap size (-Xmx/-Xms)
#   Decrease number of Java threads
#   Decrease Java thread stack sizes (-Xss)
#   Set larger code cache with -XX:ReservedCodeCacheSize=
#   JVM is running with Unscaled Compressed Oops mode in which the Java heap is
#     placed in the first 4GB address space. The Java Heap base address is the
#     maximum limit for the native heap growth. Please use -XX:HeapBaseMinAddress
#     to set the Java Heap base and to place the Java Heap above 4GB virtual address.
# This output file may be truncated or incomplete.
#
#  Out of Memory Error (virtualSpaceNode.cpp:108), pid=20996, tid=21584
#
# JRE version: OpenJDK Runtime Environment (16.0.2+7) (build 16.0.2+7-67)
# Java VM: OpenJDK 64-Bit Server VM (16.0.2+7-67, mixed mode, tiered, compressed oops, compressed class ptrs, g1 gc, windows-amd64)
# No core dump will be written. Minidumps are not enabled by default on client versions of Windows
#

---------------  S U M M A R Y ------------

Command Line: -Dfile.encoding=UTF-8 -XX:+ShowCodeDetailsInExceptionMessages Controller.SignUp

Host: Intel(R) Core(TM) i5-10210U CPU @ 1.60GHz, 8 cores, 7G,  Windows 10 , 64 bit Build 19041 (10.0.19041.1348)
Time: Fri Feb 11 20:51:03 2022 SE Asia Standard Time elapsed time: 0.309009 seconds (0d 0h 0m 0s)

---------------  T H R E A D  ---------------

Current thread (0x000001f27603b7b0):  JavaThread "main" [_thread_in_vm, id=21584, stack(0x0000008459200000,0x0000008459300000)]

Stack: [0x0000008459200000,0x0000008459300000]
Native frames: (J=compiled Java code, j=interpreted, Vv=VM code, C=native code)
V  [jvm.dll+0x6681ca]
V  [jvm.dll+0x7c9e69]
V  [jvm.dll+0x7cb61e]
V  [jvm.dll+0x7cbc73]
V  [jvm.dll+0x242c55]
V  [jvm.dll+0x7c64eb]
V  [jvm.dll+0x60ddd6]
V  [jvm.dll+0x60de3a]
V  [jvm.dll+0x61046a]
V  [jvm.dll+0x60e6d1]
V  [jvm.dll+0x618d97]
V  [jvm.dll+0x1e97ef]
V  [jvm.dll+0x1e9d25]
V  [jvm.dll+0x1ea8af]
V  [jvm.dll+0x1df631]
V  [jvm.dll+0x535ff8]
V  [jvm.dll+0x1f0d52]
V  [jvm.dll+0x741863]
V  [jvm.dll+0x743108]
V  [jvm.dll+0x74396d]
V  [jvm.dll+0x1e7f8c]
V  [jvm.dll+0x1ea7ec]
V  [jvm.dll+0x1df631]
V  [jvm.dll+0x535ff8]
V  [jvm.dll+0x1f0d52]
V  [jvm.dll+0x741863]
V  [jvm.dll+0x743108]
V  [jvm.dll+0x74396d]
V  [jvm.dll+0x1eaee7]
V  [jvm.dll+0x1df64a]
V  [jvm.dll+0x535ff8]
V  [jvm.dll+0x1f0d52]
V  [jvm.dll+0x741863]
V  [jvm.dll+0x743108]
V  [jvm.dll+0x743433]
V  [jvm.dll+0x23ab24]
V  [jvm.dll+0x375531]
C  0x000001f20001c20e

Java frames: (J=compiled Java code, j=interpreted, Vv=VM code)
j  javax.swing.JScrollPane.createVerticalScrollBar()Ljavax/swing/JScrollBar;+0 java.desktop@16.0.2
j  javax.swing.JScrollPane.<init>(Ljava/awt/Component;II)V+52 java.desktop@16.0.2
j  javax.swing.plaf.basic.BasicComboPopup.createScroller()Ljavax/swing/JScrollPane;+12 java.desktop@16.0.2
j  javax.swing.plaf.basic.BasicComboPopup.<init>(Ljavax/swing/JComboBox;)V+69 java.desktop@16.0.2
j  javax.swing.plaf.basic.BasicComboBoxUI.createPopup()Ljavax/swing/plaf/basic/ComboPopup;+8 java.desktop@16.0.2
j  javax.swing.plaf.metal.MetalComboBoxUI.createPopup()Ljavax/swing/plaf/basic/ComboPopup;+1 java.desktop@16.0.2
j  javax.swing.plaf.basic.BasicComboBoxUI.installUI(Ljavax/swing/JComponent;)V+21 java.desktop@16.0.2
j  javax.swing.JComponent.setUI(Ljavax/swing/plaf/ComponentUI;)V+52 java.desktop@16.0.2
j  javax.swing.JComboBox.setUI(Ljavax/swing/plaf/ComboBoxUI;)V+2 java.desktop@16.0.2
j  javax.swing.JComboBox.updateUI()V+20 java.desktop@16.0.2
j  javax.swing.JComboBox.init()V+15 java.desktop@16.0.2
j  javax.swing.JComboBox.<init>([Ljava/lang/Object;)V+61 java.desktop@16.0.2
j  Controller.SignUp.<init>()V+154
j  Controller.SignUp.main([Ljava/lang/String;)V+3
v  ~StubRoutines::call_stub

---------------  P R O C E S S  ---------------

Threads class SMR info:
_java_thread_list=0x000001f211066cb0, length=15, elements={
0x000001f27603b7b0, 0x000001f27edbbac0, 0x000001f27edbc980, 0x000001f27edfc020,
0x000001f27ee17650, 0x000001f27f800080, 0x000001f27f8044a0, 0x000001f27f80e100,
0x000001f27f810e50, 0x000001f27f8274a0, 0x000001f27f975110, 0x000001f27f98f170,
0x000001f21103db70, 0x000001f21103e090, 0x000001f21103eb10
}

Java Threads: ( => current thread )
=>0x000001f27603b7b0 JavaThread "main" [_thread_in_vm, id=21584, stack(0x0000008459200000,0x0000008459300000)]
  0x000001f27edbbac0 JavaThread "Reference Handler" daemon [_thread_blocked, id=18028, stack(0x0000008459900000,0x0000008459a00000)]
  0x000001f27edbc980 JavaThread "Finalizer" daemon [_thread_blocked, id=9496, stack(0x0000008459a00000,0x0000008459b00000)]
  0x000001f27edfc020 JavaThread "Signal Dispatcher" daemon [_thread_blocked, id=8076, stack(0x0000008459b00000,0x0000008459c00000)]
  0x000001f27ee17650 JavaThread "Attach Listener" daemon [_thread_blocked, id=4212, stack(0x0000008459c00000,0x0000008459d00000)]
  0x000001f27f800080 JavaThread "Service Thread" daemon [_thread_blocked, id=10872, stack(0x0000008459d00000,0x0000008459e00000)]
  0x000001f27f8044a0 JavaThread "Monitor Deflation Thread" daemon [_thread_blocked, id=21884, stack(0x0000008459e00000,0x0000008459f00000)]
  0x000001f27f80e100 JavaThread "C2 CompilerThread0" daemon [_thread_blocked, id=19916, stack(0x0000008459f00000,0x000000845a000000)]
  0x000001f27f810e50 JavaThread "C1 CompilerThread0" daemon [_thread_blocked, id=18860, stack(0x000000845a000000,0x000000845a100000)]
  0x000001f27f8274a0 JavaThread "Sweeper thread" daemon [_thread_blocked, id=24732, stack(0x000000845a100000,0x000000845a200000)]
  0x000001f27f975110 JavaThread "Notification Thread" daemon [_thread_blocked, id=24660, stack(0x000000845a200000,0x000000845a300000)]
  0x000001f27f98f170 JavaThread "Common-Cleaner" daemon [_thread_blocked, id=11120, stack(0x000000845a400000,0x000000845a500000)]
  0x000001f21103db70 JavaThread "Java2D Disposer" daemon [_thread_blocked, id=27680, stack(0x000000845a500000,0x000000845a600000)]
  0x000001f21103e090 JavaThread "AWT-Shutdown" [_thread_blocked, id=18156, stack(0x000000845a600000,0x000000845a700000)]
  0x000001f21103eb10 JavaThread "AWT-Windows" daemon [_thread_in_native, id=7848, stack(0x000000845a700000,0x000000845a800000)]

Other Threads:
  0x000001f27edb71c0 VMThread "VM Thread" [stack: 0x0000008459800000,0x0000008459900000] [id=2880]
  0x000001f27f987e50 WatcherThread [stack: 0x000000845a300000,0x000000845a400000] [id=3544]
  0x000001f276078420 GCTaskThread "GC Thread#0" [stack: 0x0000008459300000,0x0000008459400000] [id=14460]
  0x000001f276089880 ConcurrentGCThread "G1 Main Marker" [stack: 0x0000008459400000,0x0000008459500000] [id=20344]
  0x000001f27608b380 ConcurrentGCThread "G1 Conc#0" [stack: 0x0000008459500000,0x0000008459600000] [id=25688]
  0x000001f2761147d0 ConcurrentGCThread "G1 Refine#0" [stack: 0x0000008459600000,0x0000008459700000] [id=15944]
  0x000001f2761152d0 ConcurrentGCThread "G1 Service" [stack: 0x0000008459700000,0x0000008459800000] [id=21252]

Threads with active compile tasks:

VM state: not at safepoint (normal execution)

VM Mutex/Monitor currently owned by a thread:  ([mutex/lock_event])
[0x000001f276038990] MetaspaceExpand_lock - owner thread: 0x000001f27603b7b0

Heap address: 0x0000000082400000, size: 2012 MB, Compressed Oops mode: 32-bit

CDS disabled.
Compressed class space mapped at: 0x0000000100000000-0x0000000140000000, reserved size: 1073741824
Narrow klass base: 0x0000000000000000, Narrow klass shift: 3, Narrow klass range: 0x140000000

GC Precious Log:
 CPUs: 8 total, 8 available
 Memory: 8040M
 Large Page Support: Disabled
 NUMA Support: Disabled
 Compressed Oops: Enabled (32-bit)
 Heap Region Size: 1M
 Heap Min Capacity: 8M
 Heap Initial Capacity: 126M
 Heap Max Capacity: 2012M
 Pre-touch: Disabled
 Parallel Workers: 8
 Concurrent Workers: 2
 Concurrent Refinement Workers: 8
 Periodic GC: Disabled

Heap:
 garbage-first heap   total 129024K, used 4096K [0x0000000082400000, 0x0000000100000000)
  region size 1024K, 5 young (5120K), 0 survivors (0K)
 Metaspace       used 12214K, committed 12288K, reserved 1064960K
  class space    used 1235K, committed 1280K, reserved 1048576K

Heap Regions: E=young(eden), S=young(survivor), O=old, HS=humongous(starts), HC=humongous(continues), CS=collection set, F=free, OA=open archive, CA=closed archive, TAMS=top-at-mark-start (previous, next)
|   0|0x0000000082400000, 0x0000000082400000, 0x0000000082500000|  0%| F|  |TAMS 0x0000000082400000, 0x0000000082400000| Untracked 
|   1|0x0000000082500000, 0x0000000082500000, 0x0000000082600000|  0%| F|  |TAMS 0x0000000082500000, 0x0000000082500000| Untracked 
|   2|0x0000000082600000, 0x0000000082600000, 0x0000000082700000|  0%| F|  |TAMS 0x0000000082600000, 0x0000000082600000| Untracked 
|   3|0x0000000082700000, 0x0000000082700000, 0x0000000082800000|  0%| F|  |TAMS 0x0000000082700000, 0x0000000082700000| Untracked 
|   4|0x0000000082800000, 0x0000000082800000, 0x0000000082900000|  0%| F|  |TAMS 0x0000000082800000, 0x0000000082800000| Untracked 
|   5|0x0000000082900000, 0x0000000082900000, 0x0000000082a00000|  0%| F|  |TAMS 0x0000000082900000, 0x0000000082900000| Untracked 
|   6|0x0000000082a00000, 0x0000000082a00000, 0x0000000082b00000|  0%| F|  |TAMS 0x0000000082a00000, 0x0000000082a00000| Untracked 
|   7|0x0000000082b00000, 0x0000000082b00000, 0x0000000082c00000|  0%| F|  |TAMS 0x0000000082b00000, 0x0000000082b00000| Untracked 
|   8|0x0000000082c00000, 0x0000000082c00000, 0x0000000082d00000|  0%| F|  |TAMS 0x0000000082c00000, 0x0000000082c00000| Untracked 
|   9|0x0000000082d00000, 0x0000000082d00000, 0x0000000082e00000|  0%| F|  |TAMS 0x0000000082d00000, 0x0000000082d00000| Untracked 
|  10|0x0000000082e00000, 0x0000000082e00000, 0x0000000082f00000|  0%| F|  |TAMS 0x0000000082e00000, 0x0000000082e00000| Untracked 
|  11|0x0000000082f00000, 0x0000000082f00000, 0x0000000083000000|  0%| F|  |TAMS 0x0000000082f00000, 0x0000000082f00000| Untracked 
|  12|0x0000000083000000, 0x0000000083000000, 0x0000000083100000|  0%| F|  |TAMS 0x0000000083000000, 0x0000000083000000| Untracked 
|  13|0x0000000083100000, 0x0000000083100000, 0x0000000083200000|  0%| F|  |TAMS 0x0000000083100000, 0x0000000083100000| Untracked 
|  14|0x0000000083200000, 0x0000000083200000, 0x0000000083300000|  0%| F|  |TAMS 0x0000000083200000, 0x0000000083200000| Untracked 
|  15|0x0000000083300000, 0x0000000083300000, 0x0000000083400000|  0%| F|  |TAMS 0x0000000083300000, 0x0000000083300000| Untracked 
|  16|0x0000000083400000, 0x0000000083400000, 0x0000000083500000|  0%| F|  |TAMS 0x0000000083400000, 0x0000000083400000| Untracked 
|  17|0x0000000083500000, 0x0000000083500000, 0x0000000083600000|  0%| F|  |TAMS 0x0000000083500000, 0x0000000083500000| Untracked 
|  18|0x0000000083600000, 0x0000000083600000, 0x0000000083700000|  0%| F|  |TAMS 0x0000000083600000, 0x0000000083600000| Untracked 
|  19|0x0000000083700000, 0x0000000083700000, 0x0000000083800000|  0%| F|  |TAMS 0x0000000083700000, 0x0000000083700000| Untracked 
|  20|0x0000000083800000, 0x0000000083800000, 0x0000000083900000|  0%| F|  |TAMS 0x0000000083800000, 0x0000000083800000| Untracked 
|  21|0x0000000083900000, 0x0000000083900000, 0x0000000083a00000|  0%| F|  |TAMS 0x0000000083900000, 0x0000000083900000| Untracked 
|  22|0x0000000083a00000, 0x0000000083a00000, 0x0000000083b00000|  0%| F|  |TAMS 0x0000000083a00000, 0x0000000083a00000| Untracked 
|  23|0x0000000083b00000, 0x0000000083b00000, 0x0000000083c00000|  0%| F|  |TAMS 0x0000000083b00000, 0x0000000083b00000| Untracked 
|  24|0x0000000083c00000, 0x0000000083c00000, 0x0000000083d00000|  0%| F|  |TAMS 0x0000000083c00000, 0x0000000083c00000| Untracked 
|  25|0x0000000083d00000, 0x0000000083d00000, 0x0000000083e00000|  0%| F|  |TAMS 0x0000000083d00000, 0x0000000083d00000| Untracked 
|  26|0x0000000083e00000, 0x0000000083e00000, 0x0000000083f00000|  0%| F|  |TAMS 0x0000000083e00000, 0x0000000083e00000| Untracked 
|  27|0x0000000083f00000, 0x0000000083f00000, 0x0000000084000000|  0%| F|  |TAMS 0x0000000083f00000, 0x0000000083f00000| Untracked 
|  28|0x0000000084000000, 0x0000000084000000, 0x0000000084100000|  0%| F|  |TAMS 0x0000000084000000, 0x0000000084000000| Untracked 
|  29|0x0000000084100000, 0x0000000084100000, 0x0000000084200000|  0%| F|  |TAMS 0x0000000084100000, 0x0000000084100000| Untracked 
|  30|0x0000000084200000, 0x0000000084200000, 0x0000000084300000|  0%| F|  |TAMS 0x0000000084200000, 0x0000000084200000| Untracked 
|  31|0x0000000084300000, 0x0000000084300000, 0x0000000084400000|  0%| F|  |TAMS 0x0000000084300000, 0x0000000084300000| Untracked 
|  32|0x0000000084400000, 0x0000000084400000, 0x0000000084500000|  0%| F|  |TAMS 0x0000000084400000, 0x0000000084400000| Untracked 
|  33|0x0000000084500000, 0x0000000084500000, 0x0000000084600000|  0%| F|  |TAMS 0x0000000084500000, 0x0000000084500000| Untracked 
|  34|0x0000000084600000, 0x0000000084600000, 0x0000000084700000|  0%| F|  |TAMS 0x0000000084600000, 0x0000000084600000| Untracked 
|  35|0x0000000084700000, 0x0000000084700000, 0x0000000084800000|  0%| F|  |TAMS 0x0000000084700000, 0x0000000084700000| Untracked 
|  36|0x0000000084800000, 0x0000000084800000, 0x0000000084900000|  0%| F|  |TAMS 0x0000000084800000, 0x0000000084800000| Untracked 
|  37|0x0000000084900000, 0x0000000084900000, 0x0000000084a00000|  0%| F|  |TAMS 0x0000000084900000, 0x0000000084900000| Untracked 
|  38|0x0000000084a00000, 0x0000000084a00000, 0x0000000084b00000|  0%| F|  |TAMS 0x0000000084a00000, 0x0000000084a00000| Untracked 
|  39|0x0000000084b00000, 0x0000000084b00000, 0x0000000084c00000|  0%| F|  |TAMS 0x0000000084b00000, 0x0000000084b00000| Untracked 
|  40|0x0000000084c00000, 0x0000000084c00000, 0x0000000084d00000|  0%| F|  |TAMS 0x0000000084c00000, 0x0000000084c00000| Untracked 
|  41|0x0000000084d00000, 0x0000000084d00000, 0x0000000084e00000|  0%| F|  |TAMS 0x0000000084d00000, 0x0000000084d00000| Untracked 
|  42|0x0000000084e00000, 0x0000000084e00000, 0x0000000084f00000|  0%| F|  |TAMS 0x0000000084e00000, 0x0000000084e00000| Untracked 
|  43|0x0000000084f00000, 0x0000000084f00000, 0x0000000085000000|  0%| F|  |TAMS 0x0000000084f00000, 0x0000000084f00000| Untracked 
|  44|0x0000000085000000, 0x0000000085000000, 0x0000000085100000|  0%| F|  |TAMS 0x0000000085000000, 0x0000000085000000| Untracked 
|  45|0x0000000085100000, 0x0000000085100000, 0x0000000085200000|  0%| F|  |TAMS 0x0000000085100000, 0x0000000085100000| Untracked 
|  46|0x0000000085200000, 0x0000000085200000, 0x0000000085300000|  0%| F|  |TAMS 0x0000000085200000, 0x0000000085200000| Untracked 
|  47|0x0000000085300000, 0x0000000085300000, 0x0000000085400000|  0%| F|  |TAMS 0x0000000085300000, 0x0000000085300000| Untracked 
|  48|0x0000000085400000, 0x0000000085400000, 0x0000000085500000|  0%| F|  |TAMS 0x0000000085400000, 0x0000000085400000| Untracked 
|  49|0x0000000085500000, 0x0000000085500000, 0x0000000085600000|  0%| F|  |TAMS 0x0000000085500000, 0x0000000085500000| Untracked 
|  50|0x0000000085600000, 0x0000000085600000, 0x0000000085700000|  0%| F|  |TAMS 0x0000000085600000, 0x0000000085600000| Untracked 
|  51|0x0000000085700000, 0x0000000085700000, 0x0000000085800000|  0%| F|  |TAMS 0x0000000085700000, 0x0000000085700000| Untracked 
|  52|0x0000000085800000, 0x0000000085800000, 0x0000000085900000|  0%| F|  |TAMS 0x0000000085800000, 0x0000000085800000| Untracked 
|  53|0x0000000085900000, 0x0000000085900000, 0x0000000085a00000|  0%| F|  |TAMS 0x0000000085900000, 0x0000000085900000| Untracked 
|  54|0x0000000085a00000, 0x0000000085a00000, 0x0000000085b00000|  0%| F|  |TAMS 0x0000000085a00000, 0x0000000085a00000| Untracked 
|  55|0x0000000085b00000, 0x0000000085b00000, 0x0000000085c00000|  0%| F|  |TAMS 0x0000000085b00000, 0x0000000085b00000| Untracked 
|  56|0x0000000085c00000, 0x0000000085c00000, 0x0000000085d00000|  0%| F|  |TAMS 0x0000000085c00000, 0x0000000085c00000| Untracked 
|  57|0x0000000085d00000, 0x0000000085d00000, 0x0000000085e00000|  0%| F|  |TAMS 0x0000000085d00000, 0x0000000085d00000| Untracked 
|  58|0x0000000085e00000, 0x0000000085e00000, 0x0000000085f00000|  0%| F|  |TAMS 0x0000000085e00000, 0x0000000085e00000| Untracked 
|  59|0x0000000085f00000, 0x0000000085f00000, 0x0000000086000000|  0%| F|  |TAMS 0x0000000085f00000, 0x0000000085f00000| Untracked 
|  60|0x0000000086000000, 0x0000000086000000, 0x0000000086100000|  0%| F|  |TAMS 0x0000000086000000, 0x0000000086000000| Untracked 
|  61|0x0000000086100000, 0x0000000086100000, 0x0000000086200000|  0%| F|  |TAMS 0x0000000086100000, 0x0000000086100000| Untracked 
|  62|0x0000000086200000, 0x0000000086200000, 0x0000000086300000|  0%| F|  |TAMS 0x0000000086200000, 0x0000000086200000| Untracked 
|  63|0x0000000086300000, 0x0000000086300000, 0x0000000086400000|  0%| F|  |TAMS 0x0000000086300000, 0x0000000086300000| Untracked 
|  64|0x0000000086400000, 0x0000000086400000, 0x0000000086500000|  0%| F|  |TAMS 0x0000000086400000, 0x0000000086400000| Untracked 
|  65|0x0000000086500000, 0x0000000086500000, 0x0000000086600000|  0%| F|  |TAMS 0x0000000086500000, 0x0000000086500000| Untracked 
|  66|0x0000000086600000, 0x0000000086600000, 0x0000000086700000|  0%| F|  |TAMS 0x0000000086600000, 0x0000000086600000| Untracked 
|  67|0x0000000086700000, 0x0000000086700000, 0x0000000086800000|  0%| F|  |TAMS 0x0000000086700000, 0x0000000086700000| Untracked 
|  68|0x0000000086800000, 0x0000000086800000, 0x0000000086900000|  0%| F|  |TAMS 0x0000000086800000, 0x0000000086800000| Untracked 
|  69|0x0000000086900000, 0x0000000086900000, 0x0000000086a00000|  0%| F|  |TAMS 0x0000000086900000, 0x0000000086900000| Untracked 
|  70|0x0000000086a00000, 0x0000000086a00000, 0x0000000086b00000|  0%| F|  |TAMS 0x0000000086a00000, 0x0000000086a00000| Untracked 
|  71|0x0000000086b00000, 0x0000000086b00000, 0x0000000086c00000|  0%| F|  |TAMS 0x0000000086b00000, 0x0000000086b00000| Untracked 
|  72|0x0000000086c00000, 0x0000000086c00000, 0x0000000086d00000|  0%| F|  |TAMS 0x0000000086c00000, 0x0000000086c00000| Untracked 
|  73|0x0000000086d00000, 0x0000000086d00000, 0x0000000086e00000|  0%| F|  |TAMS 0x0000000086d00000, 0x0000000086d00000| Untracked 
|  74|0x0000000086e00000, 0x0000000086e00000, 0x0000000086f00000|  0%| F|  |TAMS 0x0000000086e00000, 0x0000000086e00000| Untracked 
|  75|0x0000000086f00000, 0x0000000086f00000, 0x0000000087000000|  0%| F|  |TAMS 0x0000000086f00000, 0x0000000086f00000| Untracked 
|  76|0x0000000087000000, 0x0000000087000000, 0x0000000087100000|  0%| F|  |TAMS 0x0000000087000000, 0x0000000087000000| Untracked 
|  77|0x0000000087100000, 0x0000000087100000, 0x0000000087200000|  0%| F|  |TAMS 0x0000000087100000, 0x0000000087100000| Untracked 
|  78|0x0000000087200000, 0x0000000087200000, 0x0000000087300000|  0%| F|  |TAMS 0x0000000087200000, 0x0000000087200000| Untracked 
|  79|0x0000000087300000, 0x0000000087300000, 0x0000000087400000|  0%| F|  |TAMS 0x0000000087300000, 0x0000000087300000| Untracked 
|  80|0x0000000087400000, 0x0000000087400000, 0x0000000087500000|  0%| F|  |TAMS 0x0000000087400000, 0x0000000087400000| Untracked 
|  81|0x0000000087500000, 0x0000000087500000, 0x0000000087600000|  0%| F|  |TAMS 0x0000000087500000, 0x0000000087500000| Untracked 
|  82|0x0000000087600000, 0x0000000087600000, 0x0000000087700000|  0%| F|  |TAMS 0x0000000087600000, 0x0000000087600000| Untracked 
|  83|0x0000000087700000, 0x0000000087700000, 0x0000000087800000|  0%| F|  |TAMS 0x0000000087700000, 0x0000000087700000| Untracked 
|  84|0x0000000087800000, 0x0000000087800000, 0x0000000087900000|  0%| F|  |TAMS 0x0000000087800000, 0x0000000087800000| Untracked 
|  85|0x0000000087900000, 0x0000000087900000, 0x0000000087a00000|  0%| F|  |TAMS 0x0000000087900000, 0x0000000087900000| Untracked 
|  86|0x0000000087a00000, 0x0000000087a00000, 0x0000000087b00000|  0%| F|  |TAMS 0x0000000087a00000, 0x0000000087a00000| Untracked 
|  87|0x0000000087b00000, 0x0000000087b00000, 0x0000000087c00000|  0%| F|  |TAMS 0x0000000087b00000, 0x0000000087b00000| Untracked 
|  88|0x0000000087c00000, 0x0000000087c00000, 0x0000000087d00000|  0%| F|  |TAMS 0x0000000087c00000, 0x0000000087c00000| Untracked 
|  89|0x0000000087d00000, 0x0000000087d00000, 0x0000000087e00000|  0%| F|  |TAMS 0x0000000087d00000, 0x0000000087d00000| Untracked 
|  90|0x0000000087e00000, 0x0000000087e00000, 0x0000000087f00000|  0%| F|  |TAMS 0x0000000087e00000, 0x0000000087e00000| Untracked 
|  91|0x0000000087f00000, 0x0000000087f00000, 0x0000000088000000|  0%| F|  |TAMS 0x0000000087f00000, 0x0000000087f00000| Untracked 
|  92|0x0000000088000000, 0x0000000088000000, 0x0000000088100000|  0%| F|  |TAMS 0x0000000088000000, 0x0000000088000000| Untracked 
|  93|0x0000000088100000, 0x0000000088100000, 0x0000000088200000|  0%| F|  |TAMS 0x0000000088100000, 0x0000000088100000| Untracked 
|  94|0x0000000088200000, 0x0000000088200000, 0x0000000088300000|  0%| F|  |TAMS 0x0000000088200000, 0x0000000088200000| Untracked 
|  95|0x0000000088300000, 0x0000000088300000, 0x0000000088400000|  0%| F|  |TAMS 0x0000000088300000, 0x0000000088300000| Untracked 
|  96|0x0000000088400000, 0x0000000088400000, 0x0000000088500000|  0%| F|  |TAMS 0x0000000088400000, 0x0000000088400000| Untracked 
|  97|0x0000000088500000, 0x0000000088500000, 0x0000000088600000|  0%| F|  |TAMS 0x0000000088500000, 0x0000000088500000| Untracked 
|  98|0x0000000088600000, 0x0000000088600000, 0x0000000088700000|  0%| F|  |TAMS 0x0000000088600000, 0x0000000088600000| Untracked 
|  99|0x0000000088700000, 0x0000000088700000, 0x0000000088800000|  0%| F|  |TAMS 0x0000000088700000, 0x0000000088700000| Untracked 
| 100|0x0000000088800000, 0x0000000088800000, 0x0000000088900000|  0%| F|  |TAMS 0x0000000088800000, 0x0000000088800000| Untracked 
| 101|0x0000000088900000, 0x0000000088900000, 0x0000000088a00000|  0%| F|  |TAMS 0x0000000088900000, 0x0000000088900000| Untracked 
| 102|0x0000000088a00000, 0x0000000088a00000, 0x0000000088b00000|  0%| F|  |TAMS 0x0000000088a00000, 0x0000000088a00000| Untracked 
| 103|0x0000000088b00000, 0x0000000088b00000, 0x0000000088c00000|  0%| F|  |TAMS 0x0000000088b00000, 0x0000000088b00000| Untracked 
| 104|0x0000000088c00000, 0x0000000088c00000, 0x0000000088d00000|  0%| F|  |TAMS 0x0000000088c00000, 0x0000000088c00000| Untracked 
| 105|0x0000000088d00000, 0x0000000088d00000, 0x0000000088e00000|  0%| F|  |TAMS 0x0000000088d00000, 0x0000000088d00000| Untracked 
| 106|0x0000000088e00000, 0x0000000088e00000, 0x0000000088f00000|  0%| F|  |TAMS 0x0000000088e00000, 0x0000000088e00000| Untracked 
| 107|0x0000000088f00000, 0x0000000088f00000, 0x0000000089000000|  0%| F|  |TAMS 0x0000000088f00000, 0x0000000088f00000| Untracked 
| 108|0x0000000089000000, 0x0000000089000000, 0x0000000089100000|  0%| F|  |TAMS 0x0000000089000000, 0x0000000089000000| Untracked 
| 109|0x0000000089100000, 0x0000000089100000, 0x0000000089200000|  0%| F|  |TAMS 0x0000000089100000, 0x0000000089100000| Untracked 
| 110|0x0000000089200000, 0x0000000089200000, 0x0000000089300000|  0%| F|  |TAMS 0x0000000089200000, 0x0000000089200000| Untracked 
| 111|0x0000000089300000, 0x0000000089300000, 0x0000000089400000|  0%| F|  |TAMS 0x0000000089300000, 0x0000000089300000| Untracked 
| 112|0x0000000089400000, 0x0000000089400000, 0x0000000089500000|  0%| F|  |TAMS 0x0000000089400000, 0x0000000089400000| Untracked 
| 113|0x0000000089500000, 0x0000000089500000, 0x0000000089600000|  0%| F|  |TAMS 0x0000000089500000, 0x0000000089500000| Untracked 
| 114|0x0000000089600000, 0x0000000089600000, 0x0000000089700000|  0%| F|  |TAMS 0x0000000089600000, 0x0000000089600000| Untracked 
| 115|0x0000000089700000, 0x0000000089700000, 0x0000000089800000|  0%| F|  |TAMS 0x0000000089700000, 0x0000000089700000| Untracked 
| 116|0x0000000089800000, 0x0000000089800000, 0x0000000089900000|  0%| F|  |TAMS 0x0000000089800000, 0x0000000089800000| Untracked 
| 117|0x0000000089900000, 0x0000000089900000, 0x0000000089a00000|  0%| F|  |TAMS 0x0000000089900000, 0x0000000089900000| Untracked 
| 118|0x0000000089a00000, 0x0000000089a00000, 0x0000000089b00000|  0%| F|  |TAMS 0x0000000089a00000, 0x0000000089a00000| Untracked 
| 119|0x0000000089b00000, 0x0000000089b00000, 0x0000000089c00000|  0%| F|  |TAMS 0x0000000089b00000, 0x0000000089b00000| Untracked 
| 120|0x0000000089c00000, 0x0000000089c00000, 0x0000000089d00000|  0%| F|  |TAMS 0x0000000089c00000, 0x0000000089c00000| Untracked 
| 121|0x0000000089d00000, 0x0000000089dec0b8, 0x0000000089e00000| 92%| E|  |TAMS 0x0000000089d00000, 0x0000000089d00000| Complete 
| 122|0x0000000089e00000, 0x0000000089f00000, 0x0000000089f00000|100%| E|CS|TAMS 0x0000000089e00000, 0x0000000089e00000| Complete 
| 123|0x0000000089f00000, 0x000000008a000000, 0x000000008a000000|100%| E|CS|TAMS 0x0000000089f00000, 0x0000000089f00000| Complete 
| 124|0x000000008a000000, 0x000000008a100000, 0x000000008a100000|100%| E|CS|TAMS 0x000000008a000000, 0x000000008a000000| Complete 
| 125|0x000000008a100000, 0x000000008a200000, 0x000000008a200000|100%| E|CS|TAMS 0x000000008a100000, 0x000000008a100000| Complete 

Card table byte_map: [0x000001f279ce0000,0x000001f27a0d0000] _byte_map_base: 0x000001f2798ce000

Marking Bits (Prev, Next): (CMBitMap*) 0x000001f276078b10, (CMBitMap*) 0x000001f276078b50
 Prev Bits: [0x000001f27a4c0000, 0x000001f27c430000)
 Next Bits: [0x000001f27c430000, 0x000001f27e3a0000)

Polling page: 0x000001f275820000

Metaspace:

Usage:
  Non-class:     10.72 MB used.
      Class:      1.21 MB used.
       Both:     11.93 MB used.

Virtual space:
  Non-class space:       16.00 MB reserved,      10.75 MB ( 67%) committed,  2 nodes.
      Class space:        1.00 GB reserved,       1.25 MB ( <1%) committed,  1 nodes.
              Both:        1.02 GB reserved,      12.00 MB (  1%) committed. 

Chunk freelists:
   Non-Class:  1.00 MB
       Class:  2.75 MB
        Both:  3.75 MB

MaxMetaspaceSize: 17179869184.00 GB
CompressedClassSpaceSize: 1.00 GB
 - commit_granule_bytes: 65536.
 - commit_granule_words: 8192.
 - virtual_space_node_default_size: 1048576.
 - enlarge_chunks_in_place: 1.
 - new_chunks_are_fully_committed: 0.
 - uncommit_free_chunks: 1.
 - use_allocation_guard: 0.
 - handle_deallocations: 1.


Internal statistics:

num_allocs_failed_limit: 0.
num_arena_births: 90.
num_arena_deaths: 0.
num_vsnodes_births: 3.
num_vsnodes_deaths: 0.
num_space_committed: 192.
num_space_uncommitted: 0.
num_chunks_returned_to_freelist: 0.
num_chunks_taken_from_freelist: 138.
num_chunk_merges: 0.
num_chunk_splits: 72.
num_chunks_enlarged: 36.
num_purges: 0.

CodeHeap 'non-profiled nmethods': size=120000Kb used=133Kb max_used=133Kb free=119866Kb
 bounds [0x000001f207ad0000, 0x000001f207d40000, 0x000001f20f000000]
CodeHeap 'profiled nmethods': size=120000Kb used=735Kb max_used=735Kb free=119264Kb
 bounds [0x000001f2005a0000, 0x000001f200810000, 0x000001f207ad0000]
CodeHeap 'non-nmethods': size=5760Kb used=1191Kb max_used=1204Kb free=4569Kb
 bounds [0x000001f200000000, 0x000001f200270000, 0x000001f2005a0000]
 total_blobs=989 nmethods=501 adapters=401
 compilation: enabled
              stopped_count=0, restarted_count=0
 full_count=0

Compilation events (20 events):
Event: 0.303 Thread 0x000001f27f810e50  492       3       javax.swing.ArrayTable::isArray (8 bytes)
Event: 0.303 Thread 0x000001f27f810e50 nmethod 492 0x000001f200651b90 code [0x000001f200651d40, 0x000001f200651f38]
Event: 0.303 Thread 0x000001f27f810e50  493       3       java.lang.StringConcatHelper::newArray (26 bytes)
Event: 0.303 Thread 0x000001f27f810e50 nmethod 493 0x000001f200652010 code [0x000001f2006521c0, 0x000001f200652408]
Event: 0.303 Thread 0x000001f27f810e50  495       3       java.awt.AWTKeyStroke::hashCode (36 bytes)
Event: 0.303 Thread 0x000001f27f810e50 nmethod 495 0x000001f200652510 code [0x000001f2006526a0, 0x000001f200652818]
Event: 0.303 Thread 0x000001f27f810e50  494       3       java.lang.StringConcatHelper::newString (67 bytes)
Event: 0.303 Thread 0x000001f27f80e100  497       4       java.util.HashMap::afterNodeInsertion (1 bytes)
Event: 0.303 Thread 0x000001f27f80e100 nmethod 497 0x000001f207af0f10 code [0x000001f207af1080, 0x000001f207af10f8]
Event: 0.303 Thread 0x000001f27f810e50 nmethod 494 0x000001f200652890 code [0x000001f200652b20, 0x000001f200653588]
Event: 0.303 Thread 0x000001f27f810e50  500       3       java.util.StringTokenizer::scanToken (179 bytes)
Event: 0.304 Thread 0x000001f27f810e50 nmethod 500 0x000001f200653910 code [0x000001f200653c80, 0x000001f200655298]
Event: 0.304 Thread 0x000001f27f810e50  499       3       java.util.StringTokenizer::skipDelimiters (116 bytes)
Event: 0.305 Thread 0x000001f27f810e50 nmethod 499 0x000001f200655a90 code [0x000001f200655d40, 0x000001f200656a68]
Event: 0.305 Thread 0x000001f27f810e50  496       3       java.lang.Character::charCount (12 bytes)
Event: 0.305 Thread 0x000001f27f810e50 nmethod 496 0x000001f200656f10 code [0x000001f2006570c0, 0x000001f200657238]
Event: 0.305 Thread 0x000001f27f810e50  498  s    1       java.util.Hashtable::size (5 bytes)
Event: 0.305 Thread 0x000001f27f810e50 nmethod 498 0x000001f207af1210 code [0x000001f207af13a0, 0x000001f207af1518]
Event: 0.306 Thread 0x000001f27f810e50  501   !   3       javax.swing.UIDefaults::getFromResourceBundle (69 bytes)
Event: 0.306 Thread 0x000001f27f810e50 nmethod 501 0x000001f200657310 code [0x000001f200657500, 0x000001f200657bf8]

GC Heap History (0 events):
No events

Deoptimization events (0 events):
No events

Classes unloaded (0 events):
No events

Classes redefined (0 events):
No events

Internal exceptions (11 events):
Event: 0.113 Thread 0x000001f27603b7b0 Exception <a 'java/lang/NoSuchMethodError'{0x000000008a028d10}: 'void java.lang.invoke.DirectMethodHandle$Holder.invokeSpecial(java.lang.Object, java.lang.Object, java.lang.Object)'> (0x000000008a028d10) 
thrown [t:\workspace\open\src\hotspot\share\interpreter\linkResolver.cpp, line 790]
Event: 0.150 Thread 0x000001f27603b7b0 Exception <a 'java/lang/ClassNotFoundException'{0x000000008a07f428}: sun/awt/resources/spi/awtProvider> (0x000000008a07f428) 
thrown [t:\workspace\open\src\hotspot\share\classfile\systemDictionary.cpp, line 256]
Event: 0.173 Thread 0x000001f27603b7b0 Exception <a 'java/io/FileNotFoundException'{0x000000008a0da8f0}> (0x000000008a0da8f0) 
thrown [t:\workspace\open\src\hotspot\share\prims\jni.cpp, line 579]
Event: 0.179 Thread 0x000001f27603b7b0 Exception <a 'java/io/FileNotFoundException'{0x0000000089f09860}> (0x0000000089f09860) 
thrown [t:\workspace\open\src\hotspot\share\prims\jni.cpp, line 579]
Event: 0.180 Thread 0x000001f27603b7b0 Exception <a 'java/lang/NoSuchMethodError'{0x0000000089f0ab98}: 'java.lang.Object java.lang.invoke.DirectMethodHandle$Holder.invokeStatic(java.lang.Object)'> (0x0000000089f0ab98) 
thrown [t:\workspace\open\src\hotspot\share\interpreter\linkResolver.cpp, line 790]
Event: 0.216 Thread 0x000001f27603b7b0 Exception <a 'java/lang/NoSuchMethodError'{0x0000000089f66fe8}: 'java.lang.Object java.lang.invoke.DirectMethodHandle$Holder.invokeStaticInit(java.lang.Object)'> (0x0000000089f66fe8) 
thrown [t:\workspace\open\src\hotspot\share\interpreter\linkResolver.cpp, line 790]
Event: 0.244 Thread 0x000001f27603b7b0 Exception <a 'java/lang/NoSuchMethodError'{0x0000000089e4e518}: 'java.lang.Object java.lang.invoke.DirectMethodHandle$Holder.newInvokeSpecial(java.lang.Object, java.lang.Object, java.lang.Object, java.lang.Object, java.lang.Object)'> (0x0000000089e4e518) 
thrown [t:\workspace\open\src\hotspot\share\interpreter\linkResolver.cpp, line 790]
Event: 0.245 Thread 0x000001f27603b7b0 Exception <a 'java/lang/NoSuchMethodError'{0x0000000089e5a000}: 'java.lang.Object java.lang.invoke.DirectMethodHandle$Holder.invokeStatic(java.lang.Object, int, java.lang.Object, java.lang.Object, java.lang.Object, java.lang.Object)'> (0x0000000089e5a000) 
thrown [t:\workspace\open\src\hotspot\share\interpreter\linkResolver.cpp, line 790]
Event: 0.248 Thread 0x000001f27603b7b0 Exception <a 'java/lang/NoSuchMethodError'{0x0000000089e803b8}: 'java.lang.Object java.lang.invoke.DirectMethodHandle$Holder.invokeStatic(java.lang.Object, int, java.lang.Object)'> (0x0000000089e803b8) 
thrown [t:\workspace\open\src\hotspot\share\interpreter\linkResolver.cpp, line 790]
Event: 0.264 Thread 0x000001f27603b7b0 Exception <a 'java/lang/ClassNotFoundException'{0x0000000089d38690}: com/sun/swing/internal/plaf/metal/resources/spi/metalProvider> (0x0000000089d38690) 
thrown [t:\workspace\open\src\hotspot\share\classfile\systemDictionary.cpp, line 256]
Event: 0.264 Thread 0x000001f27603b7b0 Exception <a 'java/lang/ClassNotFoundException'{0x0000000089d3cb08}: com/sun/swing/internal/plaf/basic/resources/spi/basicProvider> (0x0000000089d3cb08) 
thrown [t:\workspace\open\src\hotspot\share\classfile\systemDictionary.cpp, line 256]

Events (20 events):
Event: 0.304 loading class javax/swing/plaf/basic/BasicComboPopup$Handler done
Event: 0.304 loading class javax/swing/JScrollPane
Event: 0.304 loading class javax/swing/ScrollPaneConstants
Event: 0.304 loading class javax/swing/ScrollPaneConstants done
Event: 0.304 loading class javax/swing/JScrollPane done
Event: 0.305 loading class javax/swing/ScrollPaneLayout$UIResource
Event: 0.305 loading class javax/swing/ScrollPaneLayout
Event: 0.305 loading class javax/swing/ScrollPaneLayout done
Event: 0.305 loading class javax/swing/ScrollPaneLayout$UIResource done
Event: 0.305 loading class javax/swing/JViewport
Event: 0.305 loading class javax/swing/JViewport done
Event: 0.305 loading class javax/swing/ViewportLayout
Event: 0.305 loading class javax/swing/ViewportLayout done
Event: 0.305 loading class javax/swing/plaf/basic/BasicViewportUI
Event: 0.306 loading class javax/swing/plaf/ViewportUI
Event: 0.306 loading class javax/swing/plaf/ViewportUI done
Event: 0.306 loading class javax/swing/plaf/basic/BasicViewportUI done
Event: 0.306 loading class javax/swing/JScrollPane$ScrollBar
Event: 0.306 loading class javax/swing/JScrollBar
Event: 0.306 loading class java/awt/Adjustable


Dynamic libraries:
0x00007ff7dd260000 - 0x00007ff7dd26e000 	C:\Users\ADMIN\.p2\pool\plugins\org.eclipse.justj.openjdk.hotspot.jre.full.win32.x86_64_16.0.2.v20210721-1149\jre\bin\javaw.exe
0x00007ffd0a970000 - 0x00007ffd0ab65000 	C:\Windows\SYSTEM32\ntdll.dll
0x00007ffd091b0000 - 0x00007ffd0926e000 	C:\Windows\System32\KERNEL32.DLL
0x00007ffd08530000 - 0x00007ffd087f8000 	C:\Windows\System32\KERNELBASE.dll
0x00007ffd088b0000 - 0x00007ffd089b0000 	C:\Windows\System32\ucrtbase.dll
0x00007ffcff770000 - 0x00007ffcff789000 	C:\Users\ADMIN\.p2\pool\plugins\org.eclipse.justj.openjdk.hotspot.jre.full.win32.x86_64_16.0.2.v20210721-1149\jre\bin\VCRUNTIME140.dll
0x00007ffcff810000 - 0x00007ffcff828000 	C:\Users\ADMIN\.p2\pool\plugins\org.eclipse.justj.openjdk.hotspot.jre.full.win32.x86_64_16.0.2.v20210721-1149\jre\bin\jli.dll
0x00007ffd0a580000 - 0x00007ffd0a721000 	C:\Windows\System32\USER32.dll
0x00007ffd083a0000 - 0x00007ffd083c2000 	C:\Windows\System32\win32u.dll
0x00007ffd09180000 - 0x00007ffd091ab000 	C:\Windows\System32\GDI32.dll
0x00007ffd08110000 - 0x00007ffd0821d000 	C:\Windows\System32\gdi32full.dll
0x00007ffcf47a0000 - 0x00007ffcf4a3a000 	C:\Windows\WinSxS\amd64_microsoft.windows.common-controls_6595b64144ccf1df_6.0.19041.1110_none_60b5254171f9507e\COMCTL32.dll
0x00007ffd08300000 - 0x00007ffd0839d000 	C:\Windows\System32\msvcp_win.dll
0x00007ffd09830000 - 0x00007ffd098ce000 	C:\Windows\System32\msvcrt.dll
0x00007ffd09a00000 - 0x00007ffd09a30000 	C:\Windows\System32\IMM32.DLL
0x00007ffd04570000 - 0x00007ffd0457c000 	C:\Users\ADMIN\.p2\pool\plugins\org.eclipse.justj.openjdk.hotspot.jre.full.win32.x86_64_16.0.2.v20210721-1149\jre\bin\vcruntime140_1.dll
0x00007ffcf62d0000 - 0x00007ffcf6361000 	C:\Users\ADMIN\.p2\pool\plugins\org.eclipse.justj.openjdk.hotspot.jre.full.win32.x86_64_16.0.2.v20210721-1149\jre\bin\msvcp140.dll
0x00007ffcb81e0000 - 0x00007ffcb8d8b000 	C:\Users\ADMIN\.p2\pool\plugins\org.eclipse.justj.openjdk.hotspot.jre.full.win32.x86_64_16.0.2.v20210721-1149\jre\bin\server\jvm.dll
0x00007ffd0a080000 - 0x00007ffd0a12c000 	C:\Windows\System32\ADVAPI32.dll
0x00007ffd09f20000 - 0x00007ffd09fbb000 	C:\Windows\System32\sechost.dll
0x00007ffd098d0000 - 0x00007ffd099fa000 	C:\Windows\System32\RPCRT4.dll
0x00007ffd09a30000 - 0x00007ffd09a38000 	C:\Windows\System32\PSAPI.DLL
0x00007ffd05010000 - 0x00007ffd05019000 	C:\Windows\SYSTEM32\WSOCK32.dll
0x00007ffcef6d0000 - 0x00007ffcef6f7000 	C:\Windows\SYSTEM32\WINMM.dll
0x00007ffd00670000 - 0x00007ffd0067a000 	C:\Windows\SYSTEM32\VERSION.dll
0x00007ffd097c0000 - 0x00007ffd0982b000 	C:\Windows\System32\WS2_32.dll
0x00007ffd06950000 - 0x00007ffd06962000 	C:\Windows\SYSTEM32\kernel.appcore.dll
0x00007ffd025a0000 - 0x00007ffd025aa000 	C:\Users\ADMIN\.p2\pool\plugins\org.eclipse.justj.openjdk.hotspot.jre.full.win32.x86_64_16.0.2.v20210721-1149\jre\bin\jimage.dll
0x00007ffd05e70000 - 0x00007ffd06054000 	C:\Windows\SYSTEM32\DBGHELP.DLL
0x00007ffcef690000 - 0x00007ffcef6bc000 	C:\Windows\SYSTEM32\dbgcore.DLL
0x00007ffd08080000 - 0x00007ffd08102000 	C:\Windows\System32\bcryptPrimitives.dll
0x00007ffcff710000 - 0x00007ffcff735000 	C:\Users\ADMIN\.p2\pool\plugins\org.eclipse.justj.openjdk.hotspot.jre.full.win32.x86_64_16.0.2.v20210721-1149\jre\bin\java.dll
0x00007ffcff750000 - 0x00007ffcff768000 	C:\Users\ADMIN\.p2\pool\plugins\org.eclipse.justj.openjdk.hotspot.jre.full.win32.x86_64_16.0.2.v20210721-1149\jre\bin\zip.dll
0x00007ffd089b0000 - 0x00007ffd090f4000 	C:\Windows\System32\SHELL32.dll
0x00007ffd06060000 - 0x00007ffd067f4000 	C:\Windows\SYSTEM32\windows.storage.dll
0x00007ffd09440000 - 0x00007ffd09795000 	C:\Windows\System32\combase.dll
0x00007ffd07ad0000 - 0x00007ffd07afe000 	C:\Windows\SYSTEM32\Wldp.dll
0x00007ffd0a130000 - 0x00007ffd0a1dd000 	C:\Windows\System32\SHCORE.dll
0x00007ffd09fc0000 - 0x00007ffd0a015000 	C:\Windows\System32\shlwapi.dll
0x00007ffd07fc0000 - 0x00007ffd07fdf000 	C:\Windows\SYSTEM32\profapi.dll
0x00007ffcff6f0000 - 0x00007ffcff709000 	C:\Users\ADMIN\.p2\pool\plugins\org.eclipse.justj.openjdk.hotspot.jre.full.win32.x86_64_16.0.2.v20210721-1149\jre\bin\net.dll
0x00007ffcf7be0000 - 0x00007ffcf7cec000 	C:\Windows\SYSTEM32\WINHTTP.dll
0x00007ffd07830000 - 0x00007ffd0789a000 	C:\Windows\system32\mswsock.dll
0x00007ffcfedc0000 - 0x00007ffcfedd3000 	C:\Users\ADMIN\.p2\pool\plugins\org.eclipse.justj.openjdk.hotspot.jre.full.win32.x86_64_16.0.2.v20210721-1149\jre\bin\nio.dll
0x00007ffcde6e0000 - 0x00007ffcde85f000 	C:\Users\ADMIN\.p2\pool\plugins\org.eclipse.justj.openjdk.hotspot.jre.full.win32.x86_64_16.0.2.v20210721-1149\jre\bin\awt.dll
0x00007ffd0a860000 - 0x00007ffd0a92d000 	C:\Windows\System32\OLEAUT32.dll
0x00007ffd050a0000 - 0x00007ffd05130000 	C:\Windows\SYSTEM32\apphelp.dll
0x00007ffd059c0000 - 0x00007ffd059ef000 	C:\Windows\system32\DWMAPI.DLL
0x00007ffd05270000 - 0x00007ffd0530e000 	C:\Windows\system32\uxtheme.dll
0x00007ffcde150000 - 0x00007ffcde275000 	C:\Windows\system32\opengl32.dll
0x00007ffcf4a40000 - 0x00007ffcf4a6c000 	C:\Windows\SYSTEM32\GLU32.dll
0x00007ffd0a460000 - 0x00007ffd0a575000 	C:\Windows\System32\MSCTF.dll
0x00007ffd0a730000 - 0x00007ffd0a85a000 	C:\Windows\System32\ole32.dll

dbghelp: loaded successfully - version: 4.0.5 - missing functions: none
symbol engine: initialized successfully - sym options: 0x614 - pdb path: .;C:\Users\ADMIN\.p2\pool\plugins\org.eclipse.justj.openjdk.hotspot.jre.full.win32.x86_64_16.0.2.v20210721-1149\jre\bin;C:\Windows\SYSTEM32;C:\Windows\WinSxS\amd64_microsoft.windows.common-controls_6595b64144ccf1df_6.0.19041.1110_none_60b5254171f9507e;C:\Users\ADMIN\.p2\pool\plugins\org.eclipse.justj.openjdk.hotspot.jre.full.win32.x86_64_16.0.2.v20210721-1149\jre\bin\server

VM Arguments:
jvm_args: -Dfile.encoding=UTF-8 -XX:+ShowCodeDetailsInExceptionMessages 
java_command: Controller.SignUp
java_class_path (initial): C:\Users\ADMIN\eclipse-workspace\ck\bin;D:\mssql-jdbc-9.4.0.jre16.jar;D:\jcalendar-1.4.jar
Launcher Type: SUN_STANDARD

[Global flags]
     intx CICompilerCount                          = 4                                         {product} {ergonomic}
     uint ConcGCThreads                            = 2                                         {product} {ergonomic}
     uint G1ConcRefinementThreads                  = 8                                         {product} {ergonomic}
   size_t G1HeapRegionSize                         = 1048576                                   {product} {ergonomic}
    uintx GCDrainStackTargetSize                   = 64                                        {product} {ergonomic}
   size_t InitialHeapSize                          = 132120576                                 {product} {ergonomic}
   size_t MarkStackSize                            = 4194304                                   {product} {ergonomic}
   size_t MaxHeapSize                              = 2109734912                                {product} {ergonomic}
   size_t MaxNewSize                               = 1265631232                                {product} {ergonomic}
   size_t MinHeapDeltaBytes                        = 1048576                                   {product} {ergonomic}
   size_t MinHeapSize                              = 8388608                                   {product} {ergonomic}
    uintx NonNMethodCodeHeapSize                   = 5839372                                {pd product} {ergonomic}
    uintx NonProfiledCodeHeapSize                  = 122909434                              {pd product} {ergonomic}
    uintx ProfiledCodeHeapSize                     = 122909434                              {pd product} {ergonomic}
    uintx ReservedCodeCacheSize                    = 251658240                              {pd product} {ergonomic}
     bool SegmentedCodeCache                       = true                                      {product} {ergonomic}
     bool ShowCodeDetailsInExceptionMessages       = true                                   {manageable} {command line}
   size_t SoftMaxHeapSize                          = 2109734912                             {manageable} {ergonomic}
     bool UseCompressedClassPointers               = true                           {product lp64_product} {ergonomic}
     bool UseCompressedOops                        = true                           {product lp64_product} {ergonomic}
     bool UseG1GC                                  = true                                      {product} {ergonomic}
     bool UseLargePagesIndividualAllocation        = false                                  {pd product} {ergonomic}

Logging:
Log output configuration:
 #0: stdout all=warning uptime,level,tags
 #1: stderr all=off uptime,level,tags

Environment Variables:
PATH=C:/Program Files/Java/jdk-11.0.3/bin/server;C:/Program Files/Java/jdk-11.0.3/bin;C:\Program Files\Eclipse Adoptium\jdk-17.0.1.12-hotspot\bin;C:\Program Files (x86)\Common Files\Oracle\Java\javapath;C:\Windows\system32;C:\Windows;C:\Windows\System32\Wbem;C:\Windows\System32\WindowsPowerShell\v1.0\;C:\Windows\System32\OpenSSH\;%code\bin;.;C:\Program Files\Microsoft SQL Server\Client SDK\ODBC\170\Tools\Binn\;C:\Program Files (x86)\Microsoft SQL Server\150\Tools\Binn\;C:\Program Files\Microsoft SQL Server\150\Tools\Binn\;C:\Program Files\Microsoft SQL Server\150\DTS\Binn\;C:\Program Files (x86)\Microsoft SQL Server\150\DTS\Binn\;C:\Program Files\Azure Data Studio\bin;C:\MinGW\bin;C:\Program Files\Git\cmd;C:\Program Files\nodejs\;C:\Users\ADMIN\AppData\Local\Microsoft\WindowsApps;C:\Program Files\Azure Data Studio\bin;C:\Users\ADMIN\AppData\Local\GitHubDesktop\bin;C:\Users\ADMIN\AppData\Local\Programs\Microsoft VS Code\bin;C:\Users\ADMIN\AppData\Roaming\npm;C:\Users\ADMIN\Desktop;
USERNAME=ADMIN
OS=Windows_NT
PROCESSOR_IDENTIFIER=Intel64 Family 6 Model 142 Stepping 12, GenuineIntel



---------------  S Y S T E M  ---------------

OS:
 Windows 10 , 64 bit Build 19041 (10.0.19041.1348)
OS uptime: 0 days 23:06 hours

CPU: total 8 (initial active 8) (4 cores per cpu, 2 threads per core) family 6 model 142 stepping 12 microcode 0xea, cx8, cmov, fxsr, ht, mmx, 3dnowpref, sse, sse2, sse3, ssse3, sse4.1, sse4.2, popcnt, lzcnt, tsc, tscinvbit, avx, avx2, aes, erms, clmul, bmi1, bmi2, adx, fma, vzeroupper, clflush, clflushopt

Memory: 4k page, system-wide physical 8040M (633M free)
TotalPageFile size 23415M (AvailPageFile size 2M)
current process WorkingSet (physical memory assigned to process): 50M, peak: 50M
current process commit charge ("private bytes"): 212M, peak: 212M

vm_info: OpenJDK 64-Bit Server VM (16.0.2+7-67) for windows-amd64 JRE (16.0.2+7-67), built on Jun  8 2021 23:21:43 by "mach5one" with MS VC++ 16.7 (VS2019)

END.
